<?xml version="1.0" encoding="UTF-8"?>
<!-- Generated by org.testng.reporters.JUnitReportReporter -->
<testsuite hostname="DESKTOP-0E841PR" failures="0" tests="4" name="api.test.UserTests" time="6.350" errors="0" timestamp="2024-12-22T15:09:45 CET" skipped="0">
  <testcase classname="api.test.UserTests" name="testPostUser" time="4.346"/>
  <testcase classname="api.test.UserTests" name="testGetUserByName" time="0.569"/>
  <testcase classname="api.test.UserTests" name="testUpdateUserByName" time="0.947"/>
  <testcase classname="api.test.UserTests" name="testDeleteUserByName" time="0.488"/>
</testsuite> <!-- api.test.UserTests -->
