<?xml version="1.0" encoding="UTF-8"?>
<!-- Generated by org.testng.reporters.JUnitReportReporter -->
<testsuite hostname="DESKTOP-0E841PR" failures="0" tests="4" name="api.test.UserTests2" time="6.094" errors="0" timestamp="2024-12-22T15:49:40 CET" skipped="0">
  <testcase classname="api.test.UserTests2" name="testPostUser" time="4.125"/>
  <testcase classname="api.test.UserTests2" name="testGetUserByName" time="0.559"/>
  <testcase classname="api.test.UserTests2" name="testUpdateUserByName" time="0.939"/>
  <testcase classname="api.test.UserTests2" name="testDeleteUserByName" time="0.471"/>
</testsuite> <!-- api.test.UserTests2 -->
