<?xml version="1.0" encoding="UTF-8"?>
<!-- Generated by org.testng.reporters.JUnitReportReporter -->
<testsuite hostname="DESKTOP-0E841PR" failures="0" tests="9" name="api.test.DDTests" time="4.804" errors="0" timestamp="2024-12-22T15:49:40 CET" skipped="0">
  <testcase classname="api.test.DDTests" name="testPostUser" time="0.531"/>
  <testcase classname="api.test.DDTests" name="testPostUser" time="0.457"/>
  <testcase classname="api.test.DDTests" name="testPostUser" time="0.563"/>
  <testcase classname="api.test.DDTests" name="testGetUserByName" time="0.579"/>
  <testcase classname="api.test.DDTests" name="testGetUserByName" time="0.601"/>
  <testcase classname="api.test.DDTests" name="testGetUserByName" time="0.524"/>
  <testcase classname="api.test.DDTests" name="testDeleteUserByName" time="0.506"/>
  <testcase classname="api.test.DDTests" name="testDeleteUserByName" time="0.498"/>
  <testcase classname="api.test.DDTests" name="testDeleteUserByName" time="0.545"/>
</testsuite> <!-- api.test.DDTests -->
