<?xml version="1.0" encoding="UTF-8"?>
<!-- Generated by org.testng.reporters.JUnitReportReporter -->
<testsuite hostname="DESKTOP-0E841PR" failures="0" tests="3" name="api.test.StoreTests" time="1.484" errors="0" timestamp="2024-12-22T15:49:40 CET" skipped="0">
  <testcase classname="api.test.StoreTests" name="testPostOrder" time="0.426"/>
  <testcase classname="api.test.StoreTests" name="testGetOrderById" time="0.535"/>
  <testcase classname="api.test.StoreTests" name="testDeleteOrderById" time="0.523"/>
</testsuite> <!-- api.test.StoreTests -->
