<?xml version="1.0" encoding="UTF-8"?>
<!-- Generated by org.testng.reporters.JUnitReportReporter -->
<testsuite hostname="DESKTOP-0E841PR" failures="0" tests="3" name="api.test.StoreTests" time="1.433" errors="0" timestamp="2024-12-23T18:21:03 CET" skipped="0">
  <testcase classname="api.test.StoreTests" name="testPostOrder" time="0.474"/>
  <testcase classname="api.test.StoreTests" name="testGetOrderById" time="0.485"/>
  <testcase classname="api.test.StoreTests" name="testDeleteOrderById" time="0.474"/>
</testsuite> <!-- api.test.StoreTests -->
