<?xml version="1.0" encoding="UTF-8"?>
<!-- Generated by org.testng.reporters.JUnitReportReporter -->
<testsuite hostname="DESKTOP-0E841PR" failures="0" tests="4" name="api.test.UserTests2" time="7.613" errors="0" timestamp="2024-12-23T08:11:41 CET" skipped="0">
  <testcase classname="api.test.UserTests2" name="testPostUser" time="5.592"/>
  <testcase classname="api.test.UserTests2" name="testGetUserByName" time="0.517"/>
  <testcase classname="api.test.UserTests2" name="testUpdateUserByName" time="1.025"/>
  <testcase classname="api.test.UserTests2" name="testDeleteUserByName" time="0.479"/>
</testsuite> <!-- api.test.UserTests2 -->
