<?xml version="1.0" encoding="UTF-8"?>
<!-- Generated by org.testng.reporters.JUnitReportReporter -->
<testsuite hostname="DESKTOP-0E841PR" failures="0" tests="9" name="api.test.DDTests" time="4.286" errors="0" timestamp="2024-12-23T18:21:03 CET" skipped="0">
  <testcase classname="api.test.DDTests" name="testPostUser" time="0.484"/>
  <testcase classname="api.test.DDTests" name="testPostUser" time="0.454"/>
  <testcase classname="api.test.DDTests" name="testPostUser" time="0.469"/>
  <testcase classname="api.test.DDTests" name="testGetUserByName" time="0.469"/>
  <testcase classname="api.test.DDTests" name="testGetUserByName" time="0.501"/>
  <testcase classname="api.test.DDTests" name="testGetUserByName" time="0.484"/>
  <testcase classname="api.test.DDTests" name="testDeleteUserByName" time="0.459"/>
  <testcase classname="api.test.DDTests" name="testDeleteUserByName" time="0.513"/>
  <testcase classname="api.test.DDTests" name="testDeleteUserByName" time="0.453"/>
</testsuite> <!-- api.test.DDTests -->
