<?xml version="1.0" encoding="UTF-8"?>
<!-- Generated by org.testng.reporters.JUnitReportReporter -->
<testsuite hostname="DESKTOP-0E841PR" failures="0" tests="9" name="api.test.DDTests" time="4.327" errors="0" timestamp="2024-12-23T08:11:41 CET" skipped="0">
  <testcase classname="api.test.DDTests" name="testPostUser" time="0.497"/>
  <testcase classname="api.test.DDTests" name="testPostUser" time="0.452"/>
  <testcase classname="api.test.DDTests" name="testPostUser" time="0.484"/>
  <testcase classname="api.test.DDTests" name="testGetUserByName" time="0.472"/>
  <testcase classname="api.test.DDTests" name="testGetUserByName" time="0.487"/>
  <testcase classname="api.test.DDTests" name="testGetUserByName" time="0.462"/>
  <testcase classname="api.test.DDTests" name="testDeleteUserByName" time="0.499"/>
  <testcase classname="api.test.DDTests" name="testDeleteUserByName" time="0.492"/>
  <testcase classname="api.test.DDTests" name="testDeleteUserByName" time="0.482"/>
</testsuite> <!-- api.test.DDTests -->
