<?xml version="1.0" encoding="UTF-8"?>
<!-- Generated by org.testng.reporters.JUnitReportReporter -->
<testsuite hostname="DESKTOP-0E841PR" failures="0" tests="4" name="api.test.UserTests2" time="5.565" errors="0" timestamp="2024-12-23T18:21:03 CET" skipped="0">
  <testcase classname="api.test.UserTests2" name="testPostUser" time="3.642"/>
  <testcase classname="api.test.UserTests2" name="testGetUserByName" time="0.532"/>
  <testcase classname="api.test.UserTests2" name="testUpdateUserByName" time="0.922"/>
  <testcase classname="api.test.UserTests2" name="testDeleteUserByName" time="0.469"/>
</testsuite> <!-- api.test.UserTests2 -->
